   00:00.05 Processing Input...
#### EXCEPTION_WARNING ####
      Incorrect input to XMLProc::ScanState - boron is missing, using default value of 0 ppm!
#### EXCEPTION_WARNING ####
      Incorrect input to XMLProc::ScanState - modden is missing, using default value of 0.743 g/cc!
#### EXCEPTION_WARNING ####
      Incorrect input to XMLProc::ScanState - tfuel is missing, using default value of 600K!

      EXCEPTION_INFORMATION: Input to XMLProc::SetupCore - automesh_bounds_target not found, using default value of difference between min and max.

      EXCEPTION_INFORMATION: XMLProc::SetupOptionPL - SCATT_METH_REFL parameter not present.  Value from SCATT_METH will be used.
   00:00.36 Processing XS Libraries...
   00:01.11 Generating Materials...
   00:01.14 Generating Reactor Geometry...
   00:01.15 Generating Reactor Mesh...
   00:01.19 Initializing Parallel Environment...
   00:01.68 Setting up angular quadrature...
   00:01.68 Initializing mesh...
   00:01.69 Generating Input Edits...
   00:01.86 Initializing Control Rods...
                Setting up modular rays...
                Performing ray tracing...
   00:06.55 Initializing Base MOC Sweeper...
                Setting up long rays...
   00:06.70 Initializing PS 2D1D Sweeper...
                      ...with BUCK axial TL spatial treatment
                      ...with ISO axial TL angular treatment
                      ...with axial TL splitting
   00:06.71 Initializing Multi-group Fixed Source Solver...
                Default convergence norm is being used
                Default step algorithm is being used
                Default solve algorithm is being used
   00:06.87 Initializing Eigenvalue Solver...
                Adding eigenvalue accelerator...
                 -adCMFD acceleration is being used (MG LS, Node-Major)
                      ...with P0 boundary update
                      ...with flat prolongation
                      ...not using angle decomp processors
            Setting PETSc Linear Solver to GMRES
   00:10.32 Initializing Feedback Solver...
                Setting up modular rays...
                Performing ray tracing...
   00:12.66 Initializing Base MOC Sweeper...
                Setting up long rays...
   00:12.87 Initializing PS 2D1D Sweeper...
                      ...with BUCK axial TL spatial treatment
                      ...with ISO axial TL angular treatment
                      ...with axial TL splitting
   00:12.88 Initializing MultiState Solver...
   00:13.20 Solving State 1/1...
                Moving control rod banks
   00:13.21 Calculating Macroscopic XS
   00:13.41 Using TCP0 in All Regions...
   00:13.41 Calculating Equivalence XS...
            Solving Subgroup FSP...
              Running Batch   1/5 (1-52)
                    4    5.55112E-17
              Running Batch   2/5 (53-105)
                    4    7.20257E-15
              Running Batch   3/5 (106-158)
                    4    1.37113E-14
              Running Batch   4/5 (159-211)
                    4    1.17961E-15
              Running Batch   5/5 (212-264)
                    4    8.74301E-16
   00:28.23 Calculating Macroscopic XS
   00:28.47 Using TCP0 in All Regions...
   00:28.47 Performing Eigenvalue Calculation...
   00:28.47      iter    keff     norm_keff    norm_fissrc
   00:28.47         0  1.0000000 1.000000E-06 5.000000E-05
            MG-CMFD    8      654    1.0077444   2.329973E-07
            MG-INNER   1          1           1.069997E-01
   00:42.15         1  1.0077444 7.744368E-03 2.292659E-01
            MG-CMFD    6      529    1.0609397   7.287666E-05
            MG-INNER   1          1           1.114941E-02
   00:50.45         2  1.0609397 5.319537E-02 2.645944E-02
            MG-CMFD    6      506    1.0119832   1.018249E-04
            MG-INNER   1          1           1.579626E-02
   00:58.72         3  1.0119832 4.895653E-02 1.326354E-02
            MG-CMFD    5      430    1.0019765   1.236041E-03
            MG-INNER   1          1           3.106137E-03
   01:06.68         4  1.0019765 1.000672E-02 5.704829E-03
            MG-CMFD    5      394    1.0018730   1.078501E-04
            MG-INNER   1          1           6.340038E-04
   01:14.51         5  1.0018730 1.034787E-04 2.592796E-03
            MG-CMFD    4      326    1.0031086   2.011671E-03
            MG-INNER   1          1           4.092047E-04
   01:22.01         6  1.0031086 1.235602E-03 1.273507E-03
            MG-CMFD    5      379    1.0020241   1.071696E-04
            MG-INNER   1          1           3.262471E-04
   01:29.87         7  1.0020241 1.084510E-03 1.357447E-03
            MG-CMFD    4      304    1.0017864   4.196162E-04
            MG-INNER   1          1           1.238701E-04
   01:37.17         8  1.0017864 2.376826E-04 4.680318E-04
            MG-CMFD    4      300    1.0015543   7.946584E-04
            MG-INNER   1          1           9.789654E-05
   01:44.34         9  1.0015543 2.320946E-04 3.780729E-04
            MG-CMFD    4      276    1.0014765   5.375089E-04
            MG-INNER   1          1           5.603795E-05
   01:51.18        10  1.0014765 7.784204E-05 2.575910E-04
            MG-CMFD    4      271    1.0013789   1.051225E-04
            MG-INNER   1          1           4.259109E-05
   01:57.88        11  1.0013789 9.757283E-05 1.645811E-04
            MG-CMFD    3      210    1.0013277   8.159725E-04
            MG-INNER   1          1           2.749311E-05
   02:04.10        12  1.0013277 5.118718E-05 1.248171E-04
            MG-CMFD    3      205    1.0012885   2.453491E-04
            MG-INNER   1          1           1.848156E-05
   02:10.41        13  1.0012885 3.922888E-05 7.083581E-05
            MG-CMFD    3      203    1.0012632   3.848137E-04
            MG-INNER   1          1           1.364546E-05
   02:16.54        14  1.0012632 2.530440E-05 6.232740E-05
            MG-CMFD    3      191    1.0012461   1.060532E-04
            MG-INNER   1          1           8.664903E-06
   02:22.67        15  1.0012461 1.712795E-05 3.331928E-05
            MG-CMFD    3      192    1.0012331   2.183565E-04
            MG-INNER   1          1           6.963942E-06
   02:28.75        16  1.0012331 1.297980E-05 3.188689E-05
            MG-CMFD    3      185    1.0012252   5.463671E-05
            MG-INNER   1          1           4.232949E-06
   02:34.83        17  1.0012252 7.825155E-06 1.638260E-05
            MG-CMFD    3      184    1.0012187   1.087474E-04
            MG-INNER   1          1           3.585473E-06
   02:41.03        18  1.0012187 6.536050E-06 1.624737E-05
            MG-CMFD    2      123    1.0012149   1.424635E-04
            MG-INNER   1          1           2.147627E-06
   02:46.83        19  1.0012149 3.801210E-06 8.311608E-06
            MG-CMFD    2      124    1.0012116   1.829208E-04
            MG-INNER   1          1           1.871159E-06
   02:52.71        20  1.0012116 3.304214E-06 8.326021E-06
            MG-CMFD    2      119    1.0012098   8.295497E-05
            MG-INNER   1          1           1.135572E-06
   02:58.49        21  1.0012098 1.805069E-06 4.474387E-06
            MG-CMFD    2      119    1.0012081   9.743371E-05
            MG-INNER   1          1           9.952408E-07
   03:04.39        22  1.0012081 1.665516E-06 4.366501E-06
            MG-CMFD    2      115    1.0012072   4.471976E-05
            MG-INNER   1          1           6.113831E-07
   03:13.44        23  1.0012072 9.118693E-07 2.399091E-06
   03:13.44 Convergence criteria satisfied
   03:16.42 Finished
