   00:00.08 Processing Input...
#### EXCEPTION_WARNING ####
      Incorrect input to XMLProc::ScanState - boron is missing, using default value of 0 ppm!
#### EXCEPTION_WARNING ####
      Incorrect input to XMLProc::ScanState - tfuel is missing, using default value of 600K!

      EXCEPTION_INFORMATION: Input to XMLProc::SetupCore - automesh_bounds_target not found, using default value of difference between min and max.

      EXCEPTION_INFORMATION: XMLProc::SetupOptionPL - SCATT_METH_REFL parameter not present.  Value from SCATT_METH will be used.
   00:00.37 Processing XS Libraries...
   00:01.09 Generating Materials...
   00:01.12 Generating Reactor Geometry...
   00:01.13 Generating Reactor Mesh...
   00:01.17 Initializing Parallel Environment...
   00:01.29 Setting up angular quadrature...
   00:01.29 Initializing mesh...
   00:01.30 Generating Input Edits...
   00:01.47 Initializing Control Rods...
   00:01.50 Initializing Base MOC Sweeper...
                Setting up modular rays...
                Performing ray tracing...
                Setting up long rays...
                Allocating base solution variables...
                Allocating solution variables...
   00:06.43 Initializing Multi-group Fixed Source Solver...
                Default convergence norm is being used
                Default step algorithm is being used
                Default solve algorithm is being used
   00:07.02 Initializing Eigenvalue Solver...
                Adding eigenvalue accelerator...
                 -adCMFD acceleration is being used (MG LS, Node-Major)
                      ...with P0 boundary update
                      ...with flat prolongation
                      ...not using angle decomp processors
            Setting PETSc Linear Solver to GMRES
   00:11.69 Initializing Feedback Solver...
   00:12.28 Initializing Base MOC Sweeper...
                Setting up modular rays...
                Performing ray tracing...
                Setting up long rays...
                Allocating base solution variables...
                Allocating solution variables...
   00:15.43 Initializing MultiState Solver...
   00:16.91 Solving State 1/1...
   00:17.10 Calculating Macroscopic XS
   00:17.49 Using TCP0 in All Regions...
   00:17.54 Calculating Equivalence XS...
            Solving Subgroup FSP...
              Running Batch   1/5 (1-52)
                    4    5.55112E-17
              Running Batch   2/5 (53-105)
                    4    6.93889E-17
              Running Batch   3/5 (106-158)
                    4    5.55112E-17
              Running Batch   4/5 (159-211)
                    4    5.55112E-17
              Running Batch   5/5 (212-264)
                    4    5.55112E-17
   00:43.55 Calculating Macroscopic XS
   00:44.01 Using TCP0 in All Regions...
   00:44.02 Performing Eigenvalue Calculation...
   00:44.02      iter    keff     norm_keff    norm_fissrc
   00:44.02         0  1.0000000 1.000000E-06 5.000000E-05
            MG-CMFD    9      696    0.9991411   2.190414E-07
            MG-INNER   1          1           9.256105E-02
   01:45.07         1  0.9991411 8.589459E-04 2.531821E-01
            MG-CMFD    7      549    1.0338085   3.155623E-04
            MG-INNER   1          1           1.022285E-02
   02:24.53         2  1.0338085 3.466742E-02 2.818227E-02
            MG-CMFD    8      607    1.0197405   1.546101E-04
            MG-INNER   1          1           8.209515E-03
   02:35.03         3  1.0197405 1.406802E-02 3.423514E-02
            MG-CMFD    7      520    1.0049403   7.373502E-04
            MG-INNER   1          1           3.478003E-03
   02:44.57         4  1.0049403 1.480012E-02 1.193697E-02
            MG-CMFD    6      433    1.0105836   5.324135E-04
            MG-INNER   1          1           1.124817E-03
   02:53.23         5  1.0105836 5.643237E-03 5.426001E-03
            MG-CMFD    6      413    1.0091146   1.706373E-04
            MG-INNER   1          1           4.906595E-04
   03:01.52         6  1.0091146 1.468985E-03 3.028197E-03
            MG-CMFD    6      414    1.0090340   3.086081E-04
            MG-INNER   1          1           4.010616E-04
   03:09.68         7  1.0090340 8.060423E-05 2.583066E-03
            MG-CMFD    4      277    1.0085011   1.364338E-03
            MG-INNER   1          1           1.707497E-04
   03:16.97         8  1.0085011 5.328950E-04 9.855894E-04
            MG-CMFD    5      333    1.0085076   5.314858E-04
            MG-INNER   1          1           1.393823E-04
   03:24.40         9  1.0085076 6.479071E-06 8.230580E-04
            MG-CMFD    4      257    1.0083550   5.975151E-04
            MG-INNER   1          1           7.853529E-05
   03:31.28        10  1.0083550 1.525927E-04 4.442522E-04
            MG-CMFD    4      263    1.0082647   1.015285E-03
            MG-INNER   1          1           6.912751E-05
   03:38.22        11  1.0082647 9.029650E-05 3.744024E-04
            MG-CMFD    4      245    1.0081952   2.839293E-04
            MG-INNER   1          1           4.187151E-05
   03:45.60        12  1.0081952 6.946815E-05 2.196980E-04
            MG-CMFD    4      253    1.0081411   5.847920E-04
            MG-INNER   1          1           3.531697E-05
   03:53.21        13  1.0081411 5.411783E-05 1.823590E-04
            MG-CMFD    3      184    1.0081059   6.626011E-04
            MG-INNER   1          1           2.349610E-05
   03:59.62        14  1.0081059 3.521260E-05 1.196493E-04
            MG-CMFD    3      190    1.0080723   7.573738E-04
            MG-INNER   1          1           1.911741E-05
   04:05.96        15  1.0080723 3.361889E-05 9.603630E-05
            MG-CMFD    3      178    1.0080516   3.902283E-04
            MG-INNER   1          1           1.342959E-05
   04:12.22        16  1.0080516 2.070258E-05 6.775151E-05
            MG-CMFD    3      184    1.0080326   4.280048E-04
            MG-INNER   1          1           1.067857E-05
   04:18.55        17  1.0080326 1.898548E-05 5.340764E-05
            MG-CMFD    3      172    1.0080201   2.256005E-04
            MG-INNER   1          1           7.782096E-06
   04:24.70        18  1.0080201 1.247648E-05 3.915350E-05
            MG-CMFD    3      178    1.0080092   2.426068E-04
            MG-INNER   1          1           6.128291E-06
   04:30.96        19  1.0080092 1.092931E-05 3.074227E-05
            MG-CMFD    3      170    1.0080016   1.325986E-04
            MG-INNER   1          1           4.578098E-06
   04:37.16        20  1.0080016 7.616828E-06 2.307283E-05
            MG-CMFD    3      171    1.0079952   1.411322E-04
            MG-INNER   1          1           3.596710E-06
   04:43.30        21  1.0079952 6.334297E-06 1.817032E-05
            MG-CMFD    2      115    1.0079905   3.164417E-04
            MG-INNER   1          1           2.724682E-06
   04:49.69        22  1.0079905 4.746112E-06 1.353799E-05
            MG-CMFD    2      115    1.0079867   2.824004E-04
            MG-INNER   1          1           2.149233E-06
   04:55.52        23  1.0079867 3.728663E-06 1.093032E-05
            MG-CMFD    2      112    1.0079839   2.031919E-04
            MG-INNER   1          1           1.659491E-06
   05:01.30        24  1.0079839 2.813066E-06 8.435871E-06
            MG-CMFD    2      111    1.0079817   1.725776E-04
            MG-INNER   1          1           1.308874E-06
   05:07.05        25  1.0079817 2.210453E-06 6.709766E-06
            MG-CMFD    2      108    1.0079800   1.248898E-04
            MG-INNER   1          1           1.019165E-06
   05:12.86        26  1.0079800 1.721192E-06 5.197433E-06
            MG-CMFD    2      107    1.0079787   1.055235E-04
            MG-INNER   1          1           8.074871E-07
   05:18.68        27  1.0079787 1.330158E-06 4.148063E-06
            MG-CMFD    2      105    1.0079776   7.712529E-05
            MG-INNER   1          1           6.327696E-07
   05:24.39        28  1.0079776 1.052779E-06 3.226318E-06
            MG-CMFD    2      104    1.0079768   6.506155E-05
            MG-INNER   1          1           5.038465E-07
   05:30.15        29  1.0079768 8.099118E-07 2.585169E-06
   05:30.15 Convergence criteria satisfied
   05:32.77 Finished
