   00:00.00 Processing Input...
#### EXCEPTION_WARNING ####
      Incorrect input to XMLProc::ScanState - boron is missing, using default value of 0 ppm!
#### EXCEPTION_WARNING ####
      Incorrect input to XMLProc::ScanState - tfuel is missing, using default value of 600K!

      EXCEPTION_INFORMATION: Input to XMLProc::SetupCore - automesh_bounds_target not found, using default value of difference between min and max.

      EXCEPTION_INFORMATION: XMLProc::SetupOptionPL - SCATT_METH_REFL parameter not present.  Value from SCATT_METH will be used.
   00:00.32 Processing XS Libraries...
   00:01.05 Generating Materials...
   00:01.08 Generating Reactor Geometry...
   00:01.09 Generating Reactor Mesh...
   00:01.12 Initializing Parallel Environment...
   00:01.28 Setting up angular quadrature...
   00:01.28 Initializing mesh...
   00:01.31 Generating Input Edits...
   00:01.48 Initializing Control Rods...
                Setting up modular rays...
                Performing ray tracing...
   00:06.11 Initializing Base MOC Sweeper...
                Setting up long rays...
   00:06.26 Initializing PS 2D1D Sweeper...
                      ...with BUCK axial TL spatial treatment
                      ...with ISO axial TL angular treatment
                      ...with axial TL splitting
   00:06.27 Initializing Multi-group Fixed Source Solver...
                Default convergence norm is being used
                Default step algorithm is being used
                Default solve algorithm is being used
   00:06.28 Initializing Eigenvalue Solver...
                Adding eigenvalue accelerator...
                 -adCMFD acceleration is being used (MG LS, Node-Major)
                      ...with P0 boundary update
                      ...with flat prolongation
                      ...not using angle decomp processors
            Setting PETSc Linear Solver to GMRES
   00:09.88 Initializing Feedback Solver...
                Setting up modular rays...
                Performing ray tracing...
   00:12.22 Initializing Base MOC Sweeper...
                Setting up long rays...
   00:12.43 Initializing PS 2D1D Sweeper...
                      ...with BUCK axial TL spatial treatment
                      ...with ISO axial TL angular treatment
                      ...with axial TL splitting
   00:12.43 Initializing MultiState Solver...
   00:12.73 Solving State 1/1...
   00:12.73 Calculating Macroscopic XS
   00:12.94 Using TCP0 in All Regions...
   00:12.94 Calculating Equivalence XS...
            Solving Subgroup FSP...
              Running Batch   1/5 (1-52)
                    4    5.55112E-17
              Running Batch   2/5 (53-105)
                    4    5.55112E-17
              Running Batch   3/5 (106-158)
                    4    5.55112E-17
              Running Batch   4/5 (159-211)
                    4    5.55112E-17
              Running Batch   5/5 (212-264)
                    4    5.55112E-17
   00:27.03 Calculating Macroscopic XS
   00:27.28 Using TCP0 in All Regions...
   00:27.28 Performing Eigenvalue Calculation...
   00:27.28      iter    keff     norm_keff    norm_fissrc
   00:27.28         0  1.0000000 1.000000E-06 5.000000E-05
            MG-CMFD    9      692    0.9902827   2.560221E-07
            MG-INNER   1          1           9.118254E-02
   00:36.29         1  0.9902827 9.717309E-03 2.534451E-01
            MG-CMFD    6      478    1.0266606   5.433071E-04
            MG-INNER   1          1           9.825865E-03
   00:44.05         2  1.0266606 3.637791E-02 2.871201E-02
            MG-CMFD    8      606    1.0153502   1.428550E-04
            MG-INNER   1          1           8.004640E-03
   00:52.41         3  1.0153502 1.131045E-02 3.603482E-02
            MG-CMFD    7      519    0.9981470   6.460222E-04
            MG-INNER   1          1           3.837118E-03
   01:00.28         4  0.9981470 1.720318E-02 1.382233E-02
            MG-CMFD    7      496    1.0055261   2.639506E-04
            MG-INNER   1          1           1.383260E-03
   01:08.00         5  1.0055261 7.379152E-03 6.728013E-03
            MG-CMFD    6      414    1.0027711   1.314634E-04
            MG-INNER   1          1           6.925397E-04
   01:15.23         6  1.0027711 2.755044E-03 4.064791E-03
            MG-CMFD    6      415    1.0034833   2.625092E-04
            MG-INNER   1          1           4.917977E-04
   01:22.49         7  1.0034833 7.122366E-04 3.234752E-03
            MG-CMFD    5      340    1.0024593   6.754733E-04
            MG-INNER   1          1           2.383693E-04
   01:29.30         8  1.0024593 1.023990E-03 1.395960E-03
            MG-CMFD    5      335    1.0027630   4.538567E-04
            MG-INNER   1          1           1.647394E-04
   01:36.11         9  1.0027630 3.036230E-04 1.024106E-03
            MG-CMFD    3      199    1.0024353   2.759903E-03
            MG-INNER   1          1           9.113274E-05
   01:42.17        10  1.0024353 3.276942E-04 5.489085E-04
            MG-CMFD    5      320    1.0024478   4.751032E-04
            MG-INNER   1          1           7.384575E-05
   01:48.87        11  1.0024478 1.256133E-05 4.428485E-04
            MG-CMFD    2      133    1.0023191   4.998053E-03
            MG-INNER   1          1           4.302283E-05
   01:54.66        12  1.0023191 1.287569E-04 2.377081E-04
            MG-CMFD    4      254    1.0022996   6.162766E-04
            MG-INNER   1          1           3.560709E-05
   02:00.99        13  1.0022996 1.946536E-05 2.024571E-04
            MG-CMFD    3      184    1.0022458   6.644253E-04
            MG-INNER   1          1           2.320759E-05
   02:06.92        14  1.0022458 5.384360E-05 1.236909E-04
            MG-CMFD    3      189    1.0022232   8.171420E-04
            MG-INNER   1          1           1.886006E-05
   02:12.95        15  1.0022232 2.254757E-05 1.007297E-04
            MG-CMFD    3      179    1.0021966   3.885108E-04
            MG-INNER   1          1           1.311839E-05
   02:18.88        16  1.0021966 2.664213E-05 6.820462E-05
            MG-CMFD    3      184    1.0021813   4.482770E-04
            MG-INNER   1          1           1.044923E-05
   02:24.83        17  1.0021813 1.527883E-05 5.442447E-05
            MG-CMFD    3      171    1.0021670   2.282472E-04
            MG-INNER   1          1           7.587204E-06
   02:30.72        18  1.0021670 1.430386E-05 3.909287E-05
            MG-CMFD    3      176    1.0021573   2.517889E-04
            MG-INNER   1          1           5.983123E-06
   02:36.67        19  1.0021573 9.701715E-06 3.092238E-05
            MG-CMFD    3      168    1.0021491   1.356325E-04
            MG-INNER   1          1           4.462531E-06
   02:42.52        20  1.0021491 8.155220E-06 2.297254E-05
            MG-CMFD    3      170    1.0021432   1.458620E-04
            MG-INNER   1          1           3.508414E-06
   02:48.37        21  1.0021432 5.905660E-06 1.816331E-05
            MG-CMFD    2      113    1.0021383   3.229337E-04
            MG-INNER   1          1           2.656259E-06
   02:54.01        22  1.0021383 4.885738E-06 1.346606E-05
            MG-CMFD    2      114    1.0021348   2.896276E-04
            MG-INNER   1          1           2.095650E-06
   02:59.62        23  1.0021348 3.571445E-06 1.089514E-05
            MG-CMFD    2      111    1.0021319   2.080837E-04
            MG-INNER   1          1           1.618046E-06
   03:05.22        24  1.0021319 2.839100E-06 8.394594E-06
            MG-CMFD    2      111    1.0021298   1.768650E-04
            MG-INNER   1          1           1.276168E-06
   03:10.82        25  1.0021298 2.144773E-06 6.680921E-06
            MG-CMFD    2      108    1.0021281   1.280336E-04
            MG-INNER   1          1           9.937546E-07
   03:16.42        26  1.0021281 1.717930E-06 5.172117E-06
            MG-CMFD    2      107    1.0021268   1.081181E-04
            MG-INNER   1          1           7.872595E-07
   03:21.96        27  1.0021268 1.299243E-06 4.128168E-06
            MG-CMFD    2      105    1.0021257   7.910187E-05
            MG-INNER   1          1           6.169822E-07
   03:27.51        28  1.0021257 1.044361E-06 3.210511E-06
            MG-CMFD    2      103    1.0021249   6.665579E-05
            MG-INNER   1          1           4.912002E-07
   03:33.05        29  1.0021249 7.938269E-07 2.572168E-06
   03:33.05 Convergence criteria satisfied
   03:35.13 Finished
