   00:00.19 Processing Input...
#### EXCEPTION_WARNING ####
      Incorrect input to XMLProc::ScanState - boron is missing, using default value of 0 ppm!
#### EXCEPTION_WARNING ####
      Incorrect input to XMLProc::ScanState - tfuel is missing, using default value of 600K!

      EXCEPTION_INFORMATION: Input to XMLProc::SetupCore - automesh_bounds_target not found, using default value of difference between min and max.

      EXCEPTION_INFORMATION: XMLProc::SetupOptionPL - SCATT_METH_REFL parameter not present.  Value from SCATT_METH will be used.
   00:00.57 Processing XS Libraries...
   00:01.30 Generating Materials...
   00:01.34 Generating Reactor Geometry...
   00:01.35 Generating Reactor Mesh...
   00:01.47 Initializing Parallel Environment...
   00:01.73 Setting up angular quadrature...
   00:01.73 Initializing mesh...
   00:01.76 Generating Input Edits...
   00:01.94 Initializing Control Rods...
                Setting up modular rays...
                Performing ray tracing...
   00:08.18 Initializing Base MOC Sweeper...
                Setting up long rays...
   00:08.39 Initializing PS 2D1D Sweeper...
                      ...with LFLAT axial TL spatial treatment
                      ...with ISO axial TL angular treatment
                      ...with axial TL splitting
                 -One-Node P3 is being used
                      ...with radial TL splitting
   00:15.22 Initializing Multi-group Fixed Source Solver...
                Default convergence norm is being used
                Default step algorithm is being used
                Default solve algorithm is being used
   00:15.23 Initializing Eigenvalue Solver...
                Adding eigenvalue accelerator...
                 -adCMFD acceleration is being used (MG LS, Node-Major)
                      ...with P0 boundary update
                      ...with flat prolongation
                      ...not using angle decomp processors
            Setting PETSc Linear Solver to GMRES
   00:23.97 Initializing Feedback Solver...
                Setting up modular rays...
                Performing ray tracing...
   00:27.20 Initializing Base MOC Sweeper...
                Setting up long rays...
   00:27.48 Initializing PS 2D1D Sweeper...
                      ...with LFLAT axial TL spatial treatment
                      ...with ISO axial TL angular treatment
                      ...with axial TL splitting
                 -One-Node P3 is being used
                      ...with radial TL splitting
   00:31.08 Initializing MultiState Solver...
   00:31.84 Solving State 1/1...
                Moving control rod banks
   00:31.86 Calculating Macroscopic XS
   00:32.50 Using TCP0 in All Regions...
   00:32.50 Calculating Equivalence XS...
            Solving Subgroup FSP...
              Running Batch   1/5 (1-52)
                    4    6.58143E-12
              Running Batch   2/5 (53-105)
                    6    3.51628E-10
              Running Batch   3/5 (106-158)
                    5    2.39769E-08
              Running Batch   4/5 (159-211)
                    4    4.26778E-10
              Running Batch   5/5 (212-264)
                    4    8.54383E-12
   01:22.64 Calculating Macroscopic XS
   01:23.37 Using TCP0 in All Regions...
   01:23.37 Performing Eigenvalue Calculation...
   01:23.37      iter    keff     norm_keff    norm_fissrc
   01:23.37         0  1.0000000 1.000000E-06 5.000000E-05
            MG-CMFD    8      656    0.9885444   9.716144E-06
            NODAL      5          5           2.846054E-03
            MG-INNER   1          1           8.275798E-02
   02:18.08         1  0.9885444 1.145563E-02 2.569413E-01
            MG-CMFD    8      627    1.0131086   1.140529E-04
            NODAL      5          5           5.870322E-04
            MG-INNER   1          1           7.286817E-03
   03:06.82         2  1.0131086 2.456424E-02 2.998197E-02
            MG-CMFD    9      666    1.0043385   1.176951E-04
            NODAL      5          5           2.289432E-04
            MG-INNER   1          1           3.619382E-03
   03:55.71         3  1.0043385 8.770141E-03 1.973349E-02
            MG-CMFD    8      584    1.0022389   3.029391E-04
            NODAL      5          5           1.199672E-04
            MG-INNER   1          1           1.209219E-03
   04:40.84         4  1.0022389 2.099536E-03 7.434899E-03
            MG-CMFD    7      493    1.0025368   3.082357E-04
            NODAL      5          5           6.545700E-05
            MG-INNER   1          1           5.363193E-04
   05:22.38         5  1.0025368 2.978774E-04 4.033691E-03
            MG-CMFD    6      417    1.0030737   5.427800E-04
            NODAL      5          5           3.998112E-05
            MG-INNER   1          1           2.490767E-04
   06:00.93         6  1.0030737 5.368966E-04 1.917603E-03
            MG-CMFD    6      411    1.0023990   4.836543E-04
            NODAL      5          5           2.591137E-05
            MG-INNER   1          1           2.375223E-04
   06:38.94         7  1.0023990 6.747553E-04 1.782809E-03
            MG-CMFD    3      211    1.0023781   2.362173E-03
            NODAL      5          5           1.801655E-05
            MG-INNER   1          1           1.069567E-04
   07:09.86         8  1.0023781 2.084537E-05 7.373138E-04
            MG-CMFD    5      332    1.0021003   6.935568E-04
            NODAL      5          5           1.309234E-05
            MG-INNER   1          1           9.922683E-05
   07:45.55         9  1.0021003 2.777658E-04 7.030068E-04
            MG-CMFD    4      254    1.0020560   5.799867E-04
            NODAL      5          5           1.002833E-05
            MG-INNER   1          1           5.595315E-05
   08:18.40        10  1.0020560 4.431531E-05 3.885063E-04
            MG-CMFD    4      261    1.0019187   1.300951E-03
            NODAL      5          5           7.773411E-06
            MG-INNER   1          1           4.755835E-05
   08:51.48        11  1.0019187 1.373158E-04 3.299911E-04
            MG-CMFD    3      189    1.0018788   1.937795E-03
            NODAL      5          5           6.772489E-06
            MG-INNER   1          1           3.059405E-05
   09:25.50        12  1.0018788 3.992673E-05 2.082532E-04
            MG-CMFD    3      194    1.0018087   2.173764E-03
            NODAL      5          5           6.124446E-06
            MG-INNER   1          1           2.435929E-05
   09:57.04        13  1.0018087 7.003570E-05 1.650771E-04
            MG-CMFD    3      183    1.0017808   1.096487E-03
            NODAL      5          5           5.088463E-06
            MG-INNER   1          1           1.716410E-05
   10:28.15        14  1.0017808 2.797072E-05 1.154388E-04
            MG-CMFD    3      186    1.0017451   1.143487E-03
            NODAL      5          5           4.962912E-06
            MG-INNER   1          1           1.315271E-05
   10:58.99        15  1.0017451 3.567125E-05 8.825880E-05
            MG-CMFD    3      177    1.0017275   6.332034E-04
            NODAL      5          5           4.931576E-06
            MG-INNER   1          1           9.977843E-06
   11:28.20        16  1.0017275 1.763605E-05 6.586892E-05
            MG-CMFD    3      178    1.0017077   6.288592E-04
            NODAL      5          5           4.709730E-06
            MG-INNER   1          1           7.564817E-06
   11:58.30        17  1.0017077 1.979933E-05 4.954654E-05
            MG-CMFD    3      173    1.0016964   3.644346E-04
            NODAL      5          5           4.844997E-06
            MG-INNER   1          1           6.090758E-06
   12:27.76        18  1.0016964 1.124207E-05 3.839016E-05
            MG-CMFD    3      173    1.0016853   3.567576E-04
            NODAL      5          5           4.791569E-06
            MG-INNER   1          1           4.792225E-06
   12:57.37        19  1.0016853 1.114852E-05 2.915001E-05
            MG-CMFD    3      168    1.0016781   2.129194E-04
            NODAL      5          5           4.429292E-06
            MG-INNER   1          1           3.992740E-06
   13:26.61        20  1.0016781 7.152511E-06 2.359990E-05
            MG-CMFD    2      117    1.0016719   7.116939E-04
            NODAL      5          5           4.344392E-06
            MG-INNER   1          1           3.293368E-06
   13:54.14        21  1.0016719 6.234250E-06 1.818814E-05
            MG-CMFD    2      115    1.0016680   5.407953E-04
            NODAL      5          5           4.681235E-06
            MG-INNER   1          1           3.087814E-06
   14:21.42        22  1.0016680 3.862336E-06 1.517280E-05
            MG-CMFD    2      114    1.0016646   4.444796E-04
            NODAL      5          5           4.568122E-06
            MG-INNER   1          1           2.810383E-06
   14:48.44        23  1.0016646 3.475935E-06 1.285738E-05
            MG-CMFD    2      113    1.0016623   3.258563E-04
            NODAL      5          5           4.587406E-06
            MG-INNER   1          1           2.650349E-06
   15:15.59        24  1.0016623 2.270617E-06 1.131763E-05
            MG-CMFD    2      111    1.0016601   2.865889E-04
            NODAL      5          5           4.666456E-06
            MG-INNER   1          1           2.598514E-06
   15:42.45        25  1.0016601 2.197584E-06 1.015435E-05
            MG-CMFD    2      110    1.0016583   1.926652E-04
            NODAL      5          5           4.358297E-06
            MG-INNER   1          1           2.402703E-06
   16:09.31        26  1.0016583 1.745072E-06 9.295204E-06
            MG-CMFD    2      109    1.0016573   1.582205E-04
            NODAL      5          5           4.519839E-06
            MG-INNER   1          1           2.435394E-06
   16:36.53        27  1.0016573 1.052555E-06 8.759234E-06
            MG-CMFD    2      108    1.0016558   1.228675E-04
            NODAL      5          5           4.595710E-06
            MG-INNER   1          1           2.436625E-06
   17:03.48        28  1.0016558 1.536026E-06 8.485177E-06
            MG-CMFD    2      107    1.0016550   1.258712E-04
            NODAL      5          5           4.328003E-06
            MG-INNER   1          1           2.324873E-06
   17:30.27        29  1.0016550 7.235928E-07 8.236385E-06
   17:30.27 Convergence criteria satisfied
   17:39.57 Finished
