   00:00.18 Processing Input...
#### EXCEPTION_WARNING ####
      Incorrect input to XMLProc::ScanState - boron is missing, using default value of 0 ppm!
#### EXCEPTION_WARNING ####
      Incorrect input to XMLProc::ScanState - tfuel is missing, using default value of 600K!

      EXCEPTION_INFORMATION: Input to XMLProc::SetupCore - automesh_bounds_target not found, using default value of difference between min and max.

      EXCEPTION_INFORMATION: XMLProc::SetupOptionPL - SCATT_METH_REFL parameter not present.  Value from SCATT_METH will be used.
   00:00.59 Processing XS Libraries...
   00:01.33 Generating Materials...
   00:01.36 Generating Reactor Geometry...
   00:01.37 Generating Reactor Mesh...
   00:01.49 Initializing Parallel Environment...
   00:01.70 Setting up angular quadrature...
   00:01.70 Initializing mesh...
   00:02.11 Generating Input Edits...
   00:02.31 Initializing Control Rods...
                Setting up modular rays...
                Performing ray tracing...
   00:08.62 Initializing Base MOC Sweeper...
                Setting up long rays...
   00:08.84 Initializing PS 2D1D Sweeper...
                      ...with LFLAT axial TL spatial treatment
                      ...with ISO axial TL angular treatment
                      ...with axial TL splitting
                 -One-Node P3 is being used
                      ...with radial TL splitting
   00:15.61 Initializing Multi-group Fixed Source Solver...
                Default convergence norm is being used
                Default step algorithm is being used
                Default solve algorithm is being used
   00:15.62 Initializing Eigenvalue Solver...
                Adding eigenvalue accelerator...
                 -adCMFD acceleration is being used (MG LS, Node-Major)
                      ...with P0 boundary update
                      ...with flat prolongation
                      ...not using angle decomp processors
            Setting PETSc Linear Solver to GMRES
   00:24.49 Initializing Feedback Solver...
                Setting up modular rays...
                Performing ray tracing...
   00:27.85 Initializing Base MOC Sweeper...
                Setting up long rays...
   00:28.12 Initializing PS 2D1D Sweeper...
                      ...with LFLAT axial TL spatial treatment
                      ...with ISO axial TL angular treatment
                      ...with axial TL splitting
                 -One-Node P3 is being used
                      ...with radial TL splitting
   00:31.52 Initializing MultiState Solver...
   00:32.38 Solving State 1/1...
                Moving control rod banks
   00:32.40 Calculating Macroscopic XS
   00:33.05 Using TCP0 in All Regions...
   00:33.05 Calculating Equivalence XS...
            Solving Subgroup FSP...
              Running Batch   1/5 (1-52)
                    4    6.58143E-12
              Running Batch   2/5 (53-105)
                    6    3.51628E-10
              Running Batch   3/5 (106-158)
                    5    2.39769E-08
              Running Batch   4/5 (159-211)
                    4    4.26778E-10
              Running Batch   5/5 (212-264)
                    4    8.54383E-12
   01:22.93 Calculating Macroscopic XS
   01:23.67 Using TCP0 in All Regions...
   01:23.67 Performing Eigenvalue Calculation...
   01:23.67      iter    keff     norm_keff    norm_fissrc
   01:23.67         0  1.0000000 1.000000E-06 5.000000E-05
            MG-CMFD    8      655    0.9893768   9.954634E-06
            NODAL      5          5           2.847077E-03
            MG-INNER   1          1           8.272142E-02
   02:12.61         1  0.9893768 1.062324E-02 2.575553E-01
            MG-CMFD    8      627    1.0143413   1.109258E-04
            NODAL      5          5           5.925060E-04
            MG-INNER   1          1           7.222581E-03
   02:58.85         2  1.0143413 2.496452E-02 2.991802E-02
            MG-CMFD    9      671    1.0058359   1.297043E-04
            NODAL      5          5           2.344805E-04
            MG-INNER   1          1           3.646338E-03
   03:46.65         3  1.0058359 8.505346E-03 2.031055E-02
            MG-CMFD    8      586    1.0035009   3.205579E-04
            NODAL      5          5           1.246658E-04
            MG-INNER   1          1           1.278189E-03
   04:31.44         4  1.0035009 2.335069E-03 8.087874E-03
            MG-CMFD    7      500    1.0039687   3.933953E-04
            NODAL      5          5           6.788676E-05
            MG-INNER   1          1           5.839468E-04
   05:14.04         5  1.0039687 4.677964E-04 4.445766E-03
            MG-CMFD    6      421    1.0043786   7.334610E-04
            NODAL      5          5           4.170647E-05
            MG-INNER   1          1           2.781917E-04
   05:54.73         6  1.0043786 4.099349E-04 2.251880E-03
            MG-CMFD    6      417    1.0037852   6.421526E-04
            NODAL      5          5           2.691224E-05
            MG-INNER   1          1           2.490514E-04
   06:32.86         7  1.0037852 5.933695E-04 1.912419E-03
            MG-CMFD    4      274    1.0037171   1.743018E-03
            NODAL      5          5           1.871485E-05
            MG-INNER   1          1           1.137711E-04
   07:05.93         8  1.0037171 6.807809E-05 8.378636E-04
            MG-CMFD    5      334    1.0034670   9.491165E-04
            NODAL      5          5           1.388874E-05
            MG-INNER   1          1           1.024273E-04
   07:40.68         9  1.0034670 2.501052E-04 7.448682E-04
            MG-CMFD    3      200    1.0034093   2.647356E-03
            NODAL      5          5           1.093938E-05
            MG-INNER   1          1           5.699202E-05
   08:11.23        10  1.0034093 5.771034E-05 4.103184E-04
            MG-CMFD    4      261    1.0032784   1.509331E-03
            NODAL      5          5           8.493208E-06
            MG-INNER   1          1           4.830987E-05
   08:43.57        11  1.0032784 1.309189E-04 3.429183E-04
            MG-CMFD    3      191    1.0032342   2.134348E-03
            NODAL      5          5           7.573815E-06
            MG-INNER   1          1           3.076599E-05
   09:13.73        12  1.0032342 4.422654E-05 2.141365E-04
            MG-CMFD    3      194    1.0031679   2.303892E-03
            NODAL      5          5           7.175122E-06
            MG-INNER   1          1           2.456888E-05
   09:43.87        13  1.0031679 6.629364E-05 1.689540E-04
            MG-CMFD    3      183    1.0031400   1.145841E-03
            NODAL      5          5           6.195990E-06
            MG-INNER   1          1           1.726696E-05
   10:13.68        14  1.0031400 2.784987E-05 1.171065E-04
            MG-CMFD    3      188    1.0031041   1.164713E-03
            NODAL      5          5           6.405707E-06
            MG-INNER   1          1           1.336046E-05
   10:44.34        15  1.0031041 3.595745E-05 8.944461E-05
            MG-CMFD    3      177    1.0030856   6.395374E-04
            NODAL      5          5           6.080015E-06
            MG-INNER   1          1           1.013932E-05
   11:14.47        16  1.0030856 1.848868E-05 6.646658E-05
            MG-CMFD    3      178    1.0030661   6.191342E-04
            NODAL      5          5           5.634675E-06
            MG-INNER   1          1           7.730459E-06
   11:43.84        17  1.0030661 1.945509E-05 5.022289E-05
            MG-CMFD    3      173    1.0030554   3.630370E-04
            NODAL      5          5           5.962063E-06
            MG-INNER   1          1           6.350316E-06
   12:13.01        18  1.0030554 1.071520E-05 3.915645E-05
            MG-CMFD    3      173    1.0030446   3.820123E-04
            NODAL      5          5           6.061743E-06
            MG-INNER   1          1           5.171151E-06
   12:41.85        19  1.0030446 1.083749E-05 3.029262E-05
            MG-CMFD    3      167    1.0030377   2.103430E-04
            NODAL      5          5           5.830629E-06
            MG-INNER   1          1           4.464697E-06
   13:13.83        20  1.0030377 6.934769E-06 2.420292E-05
            MG-CMFD    2      118    1.0030304   7.092749E-04
            NODAL      5          5           5.797382E-06
            MG-INNER   1          1           3.837367E-06
   13:40.99        21  1.0030304 7.302789E-06 1.920550E-05
            MG-CMFD    2      114    1.0030268   5.465802E-04
            NODAL      5          5           5.655355E-06
            MG-INNER   1          1           3.536396E-06
   14:08.34        22  1.0030268 3.572478E-06 1.648017E-05
            MG-CMFD    2      113    1.0030239   4.525873E-04
            NODAL      5          5           5.641157E-06
            MG-INNER   1          1           3.292742E-06
   14:35.60        23  1.0030239 2.917265E-06 1.408568E-05
            MG-CMFD    2      113    1.0030216   3.249395E-04
            NODAL      5          5           5.754373E-06
            MG-INNER   1          1           3.211533E-06
   15:02.87        24  1.0030216 2.310695E-06 1.267748E-05
            MG-CMFD    2      112    1.0030189   2.621531E-04
            NODAL      5          5           5.855714E-06
            MG-INNER   1          1           3.172720E-06
   15:29.85        25  1.0030189 2.647402E-06 1.191464E-05
            MG-CMFD    2      111    1.0030179   1.914968E-04
            NODAL      5          5           5.724144E-06
            MG-INNER   1          1           3.123266E-06
   15:56.85        26  1.0030179 1.017139E-06 1.129909E-05
            MG-CMFD    2      111    1.0030160   2.328535E-04
            NODAL      5          5           5.735830E-06
            MG-INNER   1          1           3.054730E-06
   16:24.11        27  1.0030160 1.922312E-06 1.097325E-05
            MG-CMFD    2      108    1.0030143   1.132547E-04
            NODAL      5          5           5.898660E-06
            MG-INNER   1          1           3.119150E-06
   16:51.75        28  1.0030143 1.634439E-06 1.074679E-05
            MG-CMFD    2      109    1.0030145   1.159648E-04
            NODAL      5          5           5.862789E-06
            MG-INNER   1          1           3.111602E-06
   17:18.61        29  1.0030145 1.256969E-07 1.069938E-05
   17:18.61 Convergence criteria satisfied
   17:28.24 Finished
